[2020-07-10 06:07:44,423] TRACE [Controller id=0 epoch=1] Changed partition sample-0 state from NonExistentPartition to NewPartition with assigned replicas 0 (state.change.logger)
[2020-07-10 06:07:44,435] TRACE [Controller id=0 epoch=1] Changed state of replica 0 for partition sample-0 from NonExistentReplica to NewReplica (state.change.logger)
[2020-07-10 06:07:44,534] TRACE [Controller id=0 epoch=1] Changed partition sample-0 from NewPartition to OnlinePartition with state LeaderAndIsr(leader=0, leaderEpoch=0, isr=List(0), zkVersion=0) (state.change.logger)
[2020-07-10 06:07:44,539] TRACE [Controller id=0 epoch=1] Sending become-leader LeaderAndIsr request LeaderAndIsrPartitionState(topicName='sample', partitionIndex=0, controllerEpoch=1, leader=0, leaderEpoch=0, isr=[0], zkVersion=0, replicas=[0], addingReplicas=[], removingReplicas=[], isNew=true) to broker 0 for partition sample-0 (state.change.logger)
[2020-07-10 06:07:44,542] TRACE [Controller id=0 epoch=1] Sending UpdateMetadata request UpdateMetadataPartitionState(topicName='sample', partitionIndex=0, controllerEpoch=1, leader=0, leaderEpoch=0, isr=[0], zkVersion=0, replicas=[0], offlineReplicas=[]) to brokers Set(0) for partition sample-0 (state.change.logger)
[2020-07-10 06:07:44,544] TRACE [Controller id=0 epoch=1] Changed state of replica 0 for partition sample-0 from NewReplica to OnlineReplica (state.change.logger)
[2020-07-10 06:07:44,554] TRACE [Broker id=0] Received LeaderAndIsr request LeaderAndIsrPartitionState(topicName='sample', partitionIndex=0, controllerEpoch=1, leader=0, leaderEpoch=0, isr=[0], zkVersion=0, replicas=[0], addingReplicas=[], removingReplicas=[], isNew=true) correlation id 1 from controller 0 epoch 1 (state.change.logger)
[2020-07-10 06:07:44,584] TRACE [Broker id=0] Handling LeaderAndIsr request correlationId 1 from controller 0 epoch 1 starting the become-leader transition for partition sample-0 (state.change.logger)
[2020-07-10 06:07:44,781] TRACE [Broker id=0] Stopped fetchers as part of become-leader request from controller 0 epoch 1 with correlation id 1 for partition sample-0 (last update controller epoch 1) (state.change.logger)
[2020-07-10 06:07:44,782] TRACE [Broker id=0] Completed LeaderAndIsr request correlationId 1 from controller 0 epoch 1 for the become-leader transition for partition sample-0 (state.change.logger)
[2020-07-10 06:07:44,797] TRACE [Controller id=0 epoch=1] Received response {error_code=0,partition_errors=[{topic_name=sample,partition_index=0,error_code=0,_tagged_fields={}}],_tagged_fields={}} for request LEADER_AND_ISR with correlation id 1 sent to broker localhost:9092 (id: 0 rack: null) (state.change.logger)
[2020-07-10 06:07:44,807] TRACE [Broker id=0] Cached leader info UpdateMetadataPartitionState(topicName='sample', partitionIndex=0, controllerEpoch=1, leader=0, leaderEpoch=0, isr=[0], zkVersion=0, replicas=[0], offlineReplicas=[]) for partition sample-0 in response to UpdateMetadata request sent by controller 0 epoch 1 with correlation id 2 (state.change.logger)
[2020-07-10 06:07:44,808] TRACE [Controller id=0 epoch=1] Received response {error_code=0,_tagged_fields={}} for request UPDATE_METADATA with correlation id 2 sent to broker localhost:9092 (id: 0 rack: null) (state.change.logger)
[2020-07-10 06:11:11,348] TRACE [Controller id=0 epoch=1] Changed partition tankerkoenig-0 state from NonExistentPartition to NewPartition with assigned replicas 0 (state.change.logger)
[2020-07-10 06:11:11,352] TRACE [Controller id=0 epoch=1] Changed state of replica 0 for partition tankerkoenig-0 from NonExistentReplica to NewReplica (state.change.logger)
[2020-07-10 06:11:11,414] TRACE [Controller id=0 epoch=1] Changed partition tankerkoenig-0 from NewPartition to OnlinePartition with state LeaderAndIsr(leader=0, leaderEpoch=0, isr=List(0), zkVersion=0) (state.change.logger)
[2020-07-10 06:11:11,415] TRACE [Controller id=0 epoch=1] Sending become-leader LeaderAndIsr request LeaderAndIsrPartitionState(topicName='tankerkoenig', partitionIndex=0, controllerEpoch=1, leader=0, leaderEpoch=0, isr=[0], zkVersion=0, replicas=[0], addingReplicas=[], removingReplicas=[], isNew=true) to broker 0 for partition tankerkoenig-0 (state.change.logger)
[2020-07-10 06:11:11,416] TRACE [Controller id=0 epoch=1] Sending UpdateMetadata request UpdateMetadataPartitionState(topicName='tankerkoenig', partitionIndex=0, controllerEpoch=1, leader=0, leaderEpoch=0, isr=[0], zkVersion=0, replicas=[0], offlineReplicas=[]) to brokers Set(0) for partition tankerkoenig-0 (state.change.logger)
[2020-07-10 06:11:11,420] TRACE [Broker id=0] Received LeaderAndIsr request LeaderAndIsrPartitionState(topicName='tankerkoenig', partitionIndex=0, controllerEpoch=1, leader=0, leaderEpoch=0, isr=[0], zkVersion=0, replicas=[0], addingReplicas=[], removingReplicas=[], isNew=true) correlation id 3 from controller 0 epoch 1 (state.change.logger)
[2020-07-10 06:11:11,423] TRACE [Controller id=0 epoch=1] Changed state of replica 0 for partition tankerkoenig-0 from NewReplica to OnlineReplica (state.change.logger)
[2020-07-10 06:11:11,429] TRACE [Broker id=0] Handling LeaderAndIsr request correlationId 3 from controller 0 epoch 1 starting the become-leader transition for partition tankerkoenig-0 (state.change.logger)
[2020-07-10 06:11:11,448] TRACE [Broker id=0] Stopped fetchers as part of become-leader request from controller 0 epoch 1 with correlation id 3 for partition tankerkoenig-0 (last update controller epoch 1) (state.change.logger)
[2020-07-10 06:11:11,448] TRACE [Broker id=0] Completed LeaderAndIsr request correlationId 3 from controller 0 epoch 1 for the become-leader transition for partition tankerkoenig-0 (state.change.logger)
[2020-07-10 06:11:11,452] TRACE [Controller id=0 epoch=1] Received response {error_code=0,partition_errors=[{topic_name=tankerkoenig,partition_index=0,error_code=0,_tagged_fields={}}],_tagged_fields={}} for request LEADER_AND_ISR with correlation id 3 sent to broker localhost:9092 (id: 0 rack: null) (state.change.logger)
[2020-07-10 06:11:11,455] TRACE [Broker id=0] Cached leader info UpdateMetadataPartitionState(topicName='tankerkoenig', partitionIndex=0, controllerEpoch=1, leader=0, leaderEpoch=0, isr=[0], zkVersion=0, replicas=[0], offlineReplicas=[]) for partition tankerkoenig-0 in response to UpdateMetadata request sent by controller 0 epoch 1 with correlation id 4 (state.change.logger)
[2020-07-10 06:11:11,457] TRACE [Controller id=0 epoch=1] Received response {error_code=0,_tagged_fields={}} for request UPDATE_METADATA with correlation id 4 sent to broker localhost:9092 (id: 0 rack: null) (state.change.logger)
